# JRE version: OpenJDK Runtime Environment (21.0.8) (build 21.0.8+-14196175-b1038.72)
# Java VM: OpenJDK 64-Bit Server VM (21.0.8+-14196175-b1038.72, mixed mode, tiered, compressed oops, compressed class ptrs, g1 gc, windows-amd64)
GC Precious Log:
 CardTable entry size: 512
 Card Set container configuration: InlinePtr #cards 5 size 8 Array Of Cards #cards 12 size 40 Howl #buckets 4 coarsen threshold 1843 Howl Bitmap #cards 512 size 80 coarsen threshold 460 Card regions per heap region 1 cards per card region 2048
 CPUs: 12 total, 12 available
 Memory: 7710M
 Large Page Support: Disabled
 NUMA Support: Disabled
 Compressed Oops: Enabled (32-bit)
 Heap Region Size: 1M
 Heap Min Capacity: 8M
 Heap Initial Capacity: 122M
 Heap Max Capacity: 2G
 Pre-touch: Disabled
 Parallel Workers: 10
 Concurrent Workers: 3
 Concurrent Refinement Workers: 10
 Periodic GC: Disabled
Heap:
 garbage-first heap   total 278528K, used 217171K [0x0000000080000000, 0x0000000100000000)
  region size 1024K, 58 young (59392K), 6 survivors (6144K)
 Metaspace       used 130442K, committed 132800K, reserved 1179648K
  class space    used 18396K, committed 19520K, reserved 1048576K
GC Heap History (20 events):
Event: 81.763 GC heap before
{Heap before GC invocations=34 (full 0):
 garbage-first heap   total 193536K, used 183577K [0x0000000080000000, 0x0000000100000000)
  region size 1024K, 64 young (65536K), 7 survivors (7168K)
 Metaspace       used 91738K, committed 93760K, reserved 1179648K
  class space    used 12811K, committed 13760K, reserved 1048576K
}
Event: 81.784 GC heap after
{Heap after GC invocations=35 (full 0):
 garbage-first heap   total 200704K, used 131246K [0x0000000080000000, 0x0000000100000000)
  region size 1024K, 8 young (8192K), 8 survivors (8192K)
 Metaspace       used 91738K, committed 93760K, reserved 1179648K
  class space    used 12811K, committed 13760K, reserved 1048576K
}
Event: 84.035 GC heap before
{Heap before GC invocations=35 (full 0):
 garbage-first heap   total 200704K, used 160942K [0x0000000080000000, 0x0000000100000000)
  region size 1024K, 38 young (38912K), 8 survivors (8192K)
 Metaspace       used 95019K, committed 97024K, reserved 1179648K
  class space    used 13309K, committed 14272K, reserved 1048576K
}
Event: 84.050 GC heap after
{Heap after GC invocations=36 (full 0):
 garbage-first heap   total 200704K, used 133508K [0x0000000080000000, 0x0000000100000000)
  region size 1024K, 2 young (2048K), 2 survivors (2048K)
 Metaspace       used 95019K, committed 97024K, reserved 1179648K
  class space    used 13309K, committed 14272K, reserved 1048576K
}
Event: 90.087 GC heap before
{Heap before GC invocations=37 (full 0):
 garbage-first heap   total 227328K, used 191876K [0x0000000080000000, 0x0000000100000000)
  region size 1024K, 53 young (54272K), 2 survivors (2048K)
 Metaspace       used 98549K, committed 100608K, reserved 1179648K
  class space    used 13799K, committed 14784K, reserved 1048576K
}
Event: 90.120 GC heap after
{Heap after GC invocations=38 (full 0):
 garbage-first heap   total 227328K, used 143448K [0x0000000080000000, 0x0000000100000000)
  region size 1024K, 7 young (7168K), 7 survivors (7168K)
 Metaspace       used 98549K, committed 100608K, reserved 1179648K
  class space    used 13799K, committed 14784K, reserved 1048576K
}
Event: 93.439 GC heap before
{Heap before GC invocations=38 (full 0):
 garbage-first heap   total 227328K, used 207960K [0x0000000080000000, 0x0000000100000000)
  region size 1024K, 69 young (70656K), 7 survivors (7168K)
 Metaspace       used 102948K, committed 105024K, reserved 1179648K
  class space    used 14364K, committed 15360K, reserved 1048576K
}
Event: 93.482 GC heap after
{Heap after GC invocations=39 (full 0):
 garbage-first heap   total 227328K, used 143850K [0x0000000080000000, 0x0000000100000000)
  region size 1024K, 4 young (4096K), 4 survivors (4096K)
 Metaspace       used 102948K, committed 105024K, reserved 1179648K
  class space    used 14364K, committed 15360K, reserved 1048576K
}
Event: 98.832 GC heap before
{Heap before GC invocations=39 (full 0):
 garbage-first heap   total 227328K, used 209386K [0x0000000080000000, 0x0000000100000000)
  region size 1024K, 69 young (70656K), 4 survivors (4096K)
 Metaspace       used 107714K, committed 109824K, reserved 1179648K
  class space    used 15099K, committed 16128K, reserved 1048576K
}
Event: 98.847 GC heap after
{Heap after GC invocations=40 (full 0):
 garbage-first heap   total 227328K, used 146257K [0x0000000080000000, 0x0000000100000000)
  region size 1024K, 7 young (7168K), 7 survivors (7168K)
 Metaspace       used 107714K, committed 109824K, reserved 1179648K
  class space    used 15099K, committed 16128K, reserved 1048576K
}
Event: 106.629 GC heap before
{Heap before GC invocations=41 (full 0):
 garbage-first heap   total 245760K, used 206673K [0x0000000080000000, 0x0000000100000000)
  region size 1024K, 66 young (67584K), 7 survivors (7168K)
 Metaspace       used 112212K, committed 114432K, reserved 1179648K
  class space    used 15874K, committed 16960K, reserved 1048576K
}
Event: 106.679 GC heap after
{Heap after GC invocations=42 (full 0):
 garbage-first heap   total 245760K, used 148950K [0x0000000080000000, 0x0000000100000000)
  region size 1024K, 6 young (6144K), 6 survivors (6144K)
 Metaspace       used 112212K, committed 114432K, reserved 1179648K
  class space    used 15874K, committed 16960K, reserved 1048576K
}
Event: 117.205 GC heap before
{Heap before GC invocations=42 (full 0):
 garbage-first heap   total 245760K, used 226774K [0x0000000080000000, 0x0000000100000000)
  region size 1024K, 81 young (82944K), 6 survivors (6144K)
 Metaspace       used 118831K, committed 121152K, reserved 1179648K
  class space    used 16856K, committed 17984K, reserved 1048576K
}
Event: 117.320 GC heap after
{Heap after GC invocations=43 (full 0):
 garbage-first heap   total 245760K, used 154923K [0x0000000080000000, 0x0000000100000000)
  region size 1024K, 10 young (10240K), 10 survivors (10240K)
 Metaspace       used 118831K, committed 121152K, reserved 1179648K
  class space    used 16856K, committed 17984K, reserved 1048576K
}
Event: 123.338 GC heap before
{Heap before GC invocations=43 (full 0):
 garbage-first heap   total 245760K, used 221483K [0x0000000080000000, 0x0000000100000000)
  region size 1024K, 75 young (76800K), 10 survivors (10240K)
 Metaspace       used 118833K, committed 121152K, reserved 1179648K
  class space    used 16856K, committed 17984K, reserved 1048576K
}
Event: 123.389 GC heap after
{Heap after GC invocations=44 (full 0):
 garbage-first heap   total 245760K, used 159629K [0x0000000080000000, 0x0000000100000000)
  region size 1024K, 9 young (9216K), 9 survivors (9216K)
 Metaspace       used 118833K, committed 121152K, reserved 1179648K
  class space    used 16856K, committed 17984K, reserved 1048576K
}
Event: 132.625 GC heap before
{Heap before GC invocations=44 (full 0):
 garbage-first heap   total 245760K, used 210829K [0x0000000080000000, 0x0000000100000000)
  region size 1024K, 61 young (62464K), 9 survivors (9216K)
 Metaspace       used 119606K, committed 122048K, reserved 1179648K
  class space    used 16941K, committed 18112K, reserved 1048576K
}
Event: 132.725 GC heap after
{Heap after GC invocations=45 (full 0):
 garbage-first heap   total 245760K, used 163815K [0x0000000080000000, 0x0000000100000000)
  region size 1024K, 9 young (9216K), 9 survivors (9216K)
 Metaspace       used 119606K, committed 122048K, reserved 1179648K
  class space    used 16941K, committed 18112K, reserved 1048576K
}
Event: 140.220 GC heap before
{Heap before GC invocations=46 (full 0):
 garbage-first heap   total 278528K, used 222183K [0x0000000080000000, 0x0000000100000000)
  region size 1024K, 64 young (65536K), 9 survivors (9216K)
 Metaspace       used 125958K, committed 128256K, reserved 1179648K
  class space    used 17788K, committed 18880K, reserved 1048576K
}
Event: 140.244 GC heap after
{Heap after GC invocations=47 (full 0):
 garbage-first heap   total 278528K, used 164947K [0x0000000080000000, 0x0000000100000000)
  region size 1024K, 6 young (6144K), 6 survivors (6144K)
 Metaspace       used 125958K, committed 128256K, reserved 1179648K
  class space    used 17788K, committed 18880K, reserved 1048576K
}

